<?xml version="1.0" encoding="UTF-8"?>
<!-- Generated by org.testng.reporters.JUnitXMLReporter -->
<testsuite hostname="Mufajjal-PC" ignored="0" name="Default test" tests="4" failures="0" timestamp="19 Dec 2017 21:54:29 GMT" time="42.731" errors="0">
  <testcase name="feature" time="10.845" classname="cucumber.api.testng.AbstractTestNGCucumberTests"/>
  <testcase name="feature" time="7.503" classname="cucumber.api.testng.AbstractTestNGCucumberTests"/>
  <testcase name="feature" time="11.63" classname="cucumber.api.testng.AbstractTestNGCucumberTests"/>
  <testcase name="feature" time="11.651" classname="cucumber.api.testng.AbstractTestNGCucumberTests"/>
</testsuite> <!-- Default test -->
