<?xml version="1.0" encoding="UTF-8"?>
<!-- Generated by org.testng.reporters.JUnitXMLReporter -->
<testsuite hostname="Mufajjal-PC" ignored="0" name="Nopackage" tests="13" failures="0" timestamp="02 Jan 2018 19:43:30 GMT" time="131.595" errors="0">
  <testcase name="feature" time="11.256" classname="cucumber.api.testng.AbstractTestNGCucumberTests"/>
  <testcase name="feature" time="12.869" classname="cucumber.api.testng.AbstractTestNGCucumberTests"/>
  <testcase name="feature" time="11.887" classname="cucumber.api.testng.AbstractTestNGCucumberTests"/>
  <testcase name="feature" time="8.037" classname="cucumber.api.testng.AbstractTestNGCucumberTests"/>
  <testcase name="feature" time="8.77" classname="cucumber.api.testng.AbstractTestNGCucumberTests"/>
  <testcase name="feature" time="9.123" classname="cucumber.api.testng.AbstractTestNGCucumberTests"/>
  <testcase name="feature" time="7.514" classname="cucumber.api.testng.AbstractTestNGCucumberTests"/>
  <testcase name="feature" time="10.327" classname="cucumber.api.testng.AbstractTestNGCucumberTests"/>
  <testcase name="feature" time="13.175" classname="cucumber.api.testng.AbstractTestNGCucumberTests"/>
  <testcase name="feature" time="8.959" classname="cucumber.api.testng.AbstractTestNGCucumberTests"/>
  <testcase name="feature" time="7.23" classname="cucumber.api.testng.AbstractTestNGCucumberTests"/>
  <testcase name="feature" time="11.664" classname="cucumber.api.testng.AbstractTestNGCucumberTests"/>
  <testcase name="feature" time="8.953" classname="cucumber.api.testng.AbstractTestNGCucumberTests"/>
</testsuite> <!-- Nopackage -->
